Arguments: 
  /usr/local/bin/node /usr/local/bin/yarn publish --no-verify-access

PATH: 
  /Users/joenix/.sdkman/candidates/gradle/current/bin:/Library/Frameworks/Python.framework/Versions/3.10/bin:/usr/local/bin:/usr/bin:/bin:/usr/sbin:/sbin:/usr/local/go/bin:/Library/Apple/usr/bin:/Library/Frameworks/Mono.framework/Versions/Current/Commands:/Users/joenix/Library/Android/sdk/tools:/Users/joenix/Library/Android/sdk/platform-tools

Yarn version: 
  1.22.17

Node version: 
  16.13.0

Platform: 
  darwin x64

Trace: 
  SyntaxError: /Users/joenix/Github/joenix/vue-http-fast/package.json: Unexpected string in JSON at position 235
      at JSON.parse (<anonymous>)
      at /usr/local/lib/node_modules/yarn/lib/cli.js:1625:59
      at Generator.next (<anonymous>)
      at step (/usr/local/lib/node_modules/yarn/lib/cli.js:310:30)
      at /usr/local/lib/node_modules/yarn/lib/cli.js:321:13

npm manifest: 
  {
    "name": "vue-http-fast",
    "version": "2.1.3",
    "main": "index.js",
    "repository": "https://github.com/joenix/vue-http-fast.git",
    "keywords": [
      "vue",
      "vue-http",
      "vue-request",
      "vue-axios",
      "http-fast"
      "ajax"
    ],
    "author": "Joenix",
    "license": "MIT"
  }

yarn manifest: 
  No manifest

Lockfile: 
  No lockfile
